<?xml version="1.0" encoding="UTF-8"?>
<!-- Generated by org.testng.reporters.JUnitReportReporter -->
<testsuite hostname="SKY-20140314HVQ" name="com.xuexibao.qrcode.ResolveStatisticsTest" tests="1" failures="0" timestamp="11 Apr 2014 10:18:42 GMT" time="1.340" errors="0">
  <testcase name="testResolveStatistics" time="1.340" classname="com.xuexibao.qrcode.ResolveStatisticsTest"/>
</testsuite> <!-- com.xuexibao.qrcode.ResolveStatisticsTest -->
